{"level":"info","msg":"Logging initialized","time":"2024-03-02T15:24:58+06:00"}
{"level":"info","msg":"Server listening on port:8000","time":"2024-03-02T15:24:58+06:00"}
{"level":"info","msg":"Logging initialized","time":"2024-03-02T15:27:18+06:00"}
{"level":"info","msg":"Server listening on port:8000","time":"2024-03-02T15:27:18+06:00"}
{"level":"info","msg":"Logging initialized","time":"2024-03-02T15:28:32+06:00"}
{"level":"info","msg":"Server listening on port:8000","time":"2024-03-02T15:28:32+06:00"}
{"level":"info","msg":"Logging initialized","time":"2024-03-02T15:28:44+06:00"}
{"level":"info","msg":"Server listening on port:8000","time":"2024-03-02T15:28:44+06:00"}
{"action":"register","level":"info","msg":"User registered successfully","time":"2024-03-02T15:28:59+06:00","user":{"Email":"ilyasabijanov@gmail.com","Username":"wedxcrftvgyh","Password":"wedxcrftvgyh"}}
{"level":"info","msg":"Logging initialized","time":"2024-03-02T15:31:18+06:00"}
{"level":"info","msg":"Server listening on port:8000","time":"2024-03-02T15:31:18+06:00"}
{"action":"register","level":"info","msg":"User registered successfully","time":"2024-03-02T15:31:32+06:00","user":{"Email":"ilyasabijanov@gmail.com","Username":"wedxcrftvgyhs","Password":"wedxcrftvgyhs"}}
{"level":"info","msg":"Logging initialized","time":"2024-03-02T15:33:05+06:00"}
{"level":"info","msg":"Server listening on port:8000","time":"2024-03-02T15:33:05+06:00"}
{"action":"register","level":"info","msg":"User registered successfully","time":"2024-03-02T15:33:32+06:00","user":{"Email":"ilyasabijanov@gmail.com","Username":"confiramtion","Password":"confiramtion"}}
{"level":"info","msg":"Logging initialized","time":"2024-03-02T15:34:06+06:00"}
{"level":"info","msg":"Server listening on port:8000","time":"2024-03-02T15:34:06+06:00"}
{"action":"register","level":"info","msg":"User registered successfully","time":"2024-03-02T15:34:25+06:00","user":{"Email":"ilyasabijanov@gmail.com","Username":"confiramtiond","Password":"confiramtiond"}}
{"level":"info","msg":"Logging initialized","time":"2024-03-02T15:37:12+06:00"}
{"level":"info","msg":"Server listening on port:8000","time":"2024-03-02T15:37:12+06:00"}
{"action":"register","level":"info","msg":"User registered successfully","time":"2024-03-02T15:37:34+06:00","user":{"Email":"ilyasabijanov@gmail.com","Username":"v","Password":"w"}}
{"level":"info","msg":"Logging initialized","time":"2024-03-02T15:40:39+06:00"}
{"level":"info","msg":"Server listening on port:8000","time":"2024-03-02T15:40:39+06:00"}
{"action":"register","level":"info","msg":"User registered successfully","time":"2024-03-02T15:40:58+06:00","user":{"Email":"ilyasabijanov@gmail.com","Username":"ilya.abramov.2009","Password":"ilya.abramov.2009"}}
{"level":"info","msg":"Logging initialized","time":"2024-03-02T15:45:00+06:00"}
{"level":"info","msg":"Server listening on port:8000","time":"2024-03-02T15:45:00+06:00"}
{"action":"register","level":"info","msg":"User registered successfully","time":"2024-03-02T15:45:23+06:00","user":{"Email":"ilyasabijanov@gmail.com","Username":"f","Password":"f"}}
{"level":"info","msg":"Logging initialized","time":"2024-03-02T15:48:03+06:00"}
{"level":"info","msg":"Server listening on port:8000","time":"2024-03-02T15:48:03+06:00"}
{"action":"register","level":"info","msg":"User registered successfully","time":"2024-03-02T15:48:24+06:00","user":{"Email":"ilyasabijanov@gmail.com","Username":"fg","Password":"fg"}}
{"level":"info","msg":"Logging initialized","time":"2024-03-02T15:54:20+06:00"}
{"level":"info","msg":"Server listening on port:8000","time":"2024-03-02T15:54:20+06:00"}
{"action":"register","level":"info","msg":"User registered successfully","time":"2024-03-02T15:54:42+06:00","user":{"Email":"ilyasabijanov@gmail.com","Username":"d","Password":"d"}}
{"level":"info","msg":"Logging initialized","time":"2024-03-02T16:06:59+06:00"}
{"level":"info","msg":"Server listening on port:8000","time":"2024-03-02T16:06:59+06:00"}
{"level":"info","msg":"Logging initialized","time":"2024-03-02T16:08:26+06:00"}
{"level":"info","msg":"Server listening on port:8000","time":"2024-03-02T16:08:26+06:00"}
{"level":"info","msg":"Logging initialized","time":"2024-03-02T16:08:56+06:00"}
{"level":"info","msg":"Server listening on port:8000","time":"2024-03-02T16:08:56+06:00"}
{"level":"info","msg":"Logging initialized","time":"2024-03-02T16:09:53+06:00"}
{"level":"info","msg":"Server listening on port:8000","time":"2024-03-02T16:09:53+06:00"}
{"level":"info","msg":"Logging initialized","time":"2024-03-02T16:20:11+06:00"}
{"level":"info","msg":"Server listening on port:8000","time":"2024-03-02T16:20:11+06:00"}
{"action":"register","level":"info","msg":"User registered successfully","time":"2024-03-02T16:20:40+06:00","user":{"Email":"ilyasabijanov@gmail.com","Username":"ilyas","Password":"a"}}
{"error":"incorrect password","level":"warning","msg":"Authentication failed","time":"2024-03-02T16:21:03+06:00"}
{"error":"incorrect password","level":"warning","msg":"Authentication failed","time":"2024-03-02T16:24:14+06:00"}
{"error":"incorrect password","level":"warning","msg":"Authentication failed","time":"2024-03-02T16:24:28+06:00"}
{"error":"incorrect password","level":"warning","msg":"Authentication failed","time":"2024-03-02T16:24:35+06:00"}
{"level":"info","msg":"Logging initialized","time":"2024-03-02T16:27:41+06:00"}
{"level":"info","msg":"Server listening on port:8000","time":"2024-03-02T16:27:42+06:00"}
{"action":"register","level":"info","msg":"User registered successfully","time":"2024-03-02T16:28:01+06:00","user":{"Email":"ilyasabijanov@gmail.com","Username":"ilyas","Password":"a"}}
{"level":"info","msg":"Logging initialized","time":"2024-03-02T16:29:32+06:00"}
{"level":"info","msg":"Server listening on port:8000","time":"2024-03-02T16:29:32+06:00"}
{"level":"info","msg":"Logging initialized","time":"2024-03-02T16:29:54+06:00"}
{"level":"info","msg":"Server listening on port:8000","time":"2024-03-02T16:29:54+06:00"}
{"level":"info","msg":"Logging initialized","time":"2024-03-02T16:31:37+06:00"}
{"level":"info","msg":"Server listening on port:8000","time":"2024-03-02T16:31:37+06:00"}
{"level":"info","msg":"Logging initialized","time":"2024-03-02T16:37:40+06:00"}
{"level":"info","msg":"Server listening on port:8000","time":"2024-03-02T16:37:40+06:00"}
{"level":"info","msg":"Logging initialized","time":"2024-03-02T16:42:29+06:00"}
{"level":"info","msg":"Server listening on port:8000","time":"2024-03-02T16:42:29+06:00"}
{"level":"info","msg":"Logging initialized","time":"2024-03-02T16:43:48+06:00"}
{"level":"info","msg":"Server listening on port:8000","time":"2024-03-02T16:43:48+06:00"}
{"level":"info","msg":"Logging initialized","time":"2024-03-02T16:45:17+06:00"}
{"level":"info","msg":"Server listening on port:8000","time":"2024-03-02T16:45:17+06:00"}
{"level":"info","msg":"Logging initialized","time":"2024-03-02T16:45:36+06:00"}
{"level":"info","msg":"Server listening on port:8000","time":"2024-03-02T16:45:36+06:00"}
{"level":"warning","msg":"Rate limit exceeded","time":"2024-03-02T17:03:12+06:00"}
{"level":"info","msg":"Logging initialized","time":"2024-03-02T17:03:19+06:00"}
{"level":"info","msg":"Server listening on port:8000","time":"2024-03-02T17:03:19+06:00"}
{"level":"warning","msg":"Rate limit exceeded","time":"2024-03-02T17:04:56+06:00"}
{"level":"warning","msg":"Rate limit exceeded","time":"2024-03-02T17:04:56+06:00"}
{"level":"info","msg":"Logging initialized","time":"2024-03-02T17:05:05+06:00"}
{"level":"info","msg":"Server listening on port:8000","time":"2024-03-02T17:05:05+06:00"}
{"level":"info","msg":"Logging initialized","time":"2024-03-02T17:26:09+06:00"}
{"level":"info","msg":"Server listening on port:8000","time":"2024-03-02T17:26:10+06:00"}
{"level":"info","msg":"Logging initialized","time":"2024-03-02T17:31:02+06:00"}
{"level":"info","msg":"Server listening on port:8000","time":"2024-03-02T17:31:02+06:00"}
{"level":"info","msg":"Logging initialized","time":"2024-03-02T17:33:12+06:00"}
{"level":"info","msg":"Server listening on port:8000","time":"2024-03-02T17:33:12+06:00"}
{"error":"incorrect password","level":"warning","msg":"Authentication failed","time":"2024-03-02T17:33:50+06:00"}
{"level":"info","msg":"Logging initialized","time":"2024-03-02T18:03:41+06:00"}
{"level":"info","msg":"Server listening on port:8000","time":"2024-03-02T18:03:41+06:00"}
{"level":"info","msg":"Logging initialized","time":"2024-03-02T18:05:47+06:00"}
{"level":"info","msg":"Server listening on port:8000","time":"2024-03-02T18:05:47+06:00"}
{"level":"info","msg":"Logging initialized","time":"2024-03-02T18:06:55+06:00"}
{"level":"info","msg":"Server listening on port:8000","time":"2024-03-02T18:06:55+06:00"}
{"level":"warning","msg":"Invalid HTTP method for loginUser","time":"2024-03-02T18:07:03+06:00"}
{"level":"info","msg":"Logging initialized","time":"2024-03-02T18:09:16+06:00"}
{"level":"info","msg":"Server listening on port:8000","time":"2024-03-02T18:09:16+06:00"}
{"level":"warning","msg":"Invalid HTTP method for loginUser","time":"2024-03-02T18:09:23+06:00"}
{"level":"info","msg":"Logging initialized","time":"2024-03-02T18:10:11+06:00"}
{"level":"info","msg":"Server listening on port:8000","time":"2024-03-02T18:10:11+06:00"}
{"level":"warning","msg":"Invalid HTTP method for loginUser","time":"2024-03-02T18:10:46+06:00"}
